Log file open, 11/25/17 22:08:26
LogWindows: Failed to load 'aqProf.dll' (GetLastError=126)
LogWindows: File 'aqProf.dll' does not exist
LogWindows: Failed to load 'VSPerf140.dll' (GetLastError=126)
LogWindows: File 'VSPerf140.dll' does not exist
LogWindows: Failed to load 'VtuneApi.dll' (GetLastError=126)
LogWindows: File 'VtuneApi.dll' does not exist
LogWindows: Failed to load 'VtuneApi32e.dll' (GetLastError=126)
LogWindows: File 'VtuneApi32e.dll' does not exist
LogInit: Display: Running engine for game: Section_01
LogPlatformFile: Not using cached read wrapper
LogInit: Display: RandInit(-722419779) SRandInit(-722419779).
LogInit: Read version file with build ID '3709383'
LogInit: Overriding engine version to CL 3754814, compatible CL 3709383
LogInit: Registered custom module enumerator with build ID '3709383'
LogTaskGraph: Started task graph with 5 named threads and 14 total threads with 3 sets of task threads.
LogStats: Stats thread started at 0.187647
LogD3D11RHI: Aftermath initialized
LogPluginManager: Mounting plugin Paper2D
LogPluginManager: Mounting plugin LightPropagationVolume
LogPluginManager: Mounting plugin CodeLiteSourceCodeAccess
LogPluginManager: Mounting plugin GitSourceControl
LogPluginManager: Mounting plugin KDevelopSourceCodeAccess
LogPluginManager: Mounting plugin NullSourceCodeAccess
LogPluginManager: Mounting plugin PerforceSourceControl
LogPluginManager: Mounting plugin SubversionSourceControl
LogPluginManager: Mounting plugin UObjectPlugin
LogPluginManager: Mounting plugin VisualStudioCodeSourceCodeAccess
LogPluginManager: Mounting plugin VisualStudioSourceCodeAccess
LogPluginManager: Mounting plugin XCodeSourceCodeAccess
LogPluginManager: Mounting plugin AssetManagerEditor
LogPluginManager: Mounting plugin AudioCapture
LogPluginManager: Mounting plugin FacialAnimation
LogPluginManager: Mounting plugin GameplayTagsEditor
LogPluginManager: Mounting plugin MobileLauncherProfileWizard
LogPluginManager: Mounting plugin PluginBrowser
LogPluginManager: Mounting plugin SpeedTreeImporter
LogPluginManager: Mounting plugin AlembicImporter
LogPluginManager: Mounting plugin CharacterAI
LogPluginManager: Mounting plugin HTML5Networking
LogPluginManager: Mounting plugin AndroidMedia
LogPluginManager: Mounting plugin AvfMedia
LogPluginManager: Mounting plugin ImgMedia
LogPluginManager: Mounting plugin MediaCompositing
LogPluginManager: Mounting plugin MediaPlayerEditor
LogPluginManager: Mounting plugin WmfMedia
LogPluginManager: Mounting plugin TcpMessaging
LogPluginManager: Mounting plugin UdpMessaging
LogPluginManager: Mounting plugin ActorSequence
LogPluginManager: Mounting plugin LevelSequenceEditor
LogPluginManager: Mounting plugin MatineeToLevelSequence
LogPluginManager: Mounting plugin OnlineSubsystemGooglePlay
LogPluginManager: Mounting plugin OnlineSubsystemIOS
LogPluginManager: Mounting plugin OnlineSubsystem
LogPluginManager: Mounting plugin OnlineSubsystemNull
LogPluginManager: Mounting plugin OnlineSubsystemUtils
LogPluginManager: Mounting plugin AndroidDeviceProfileSelector
LogPluginManager: Mounting plugin AndroidMoviePlayer
LogPluginManager: Mounting plugin AndroidPermission
LogPluginManager: Mounting plugin AppleARKit
LogPluginManager: Mounting plugin AppleMoviePlayer
LogPluginManager: Mounting plugin ArchVisCharacter
LogPluginManager: Mounting plugin CableComponent
LogPluginManager: Mounting plugin CustomMeshComponent
LogPluginManager: Mounting plugin ExampleDeviceProfileSelector
LogPluginManager: Mounting plugin GoogleCloudMessaging
LogPluginManager: Mounting plugin ImmediatePhysics
LogPluginManager: Mounting plugin IOSDeviceProfileSelector
LogPluginManager: Mounting plugin LinuxDeviceProfileSelector
LogPluginManager: Mounting plugin LocationServicesBPLibrary
LogPluginManager: Mounting plugin MobilePatchingUtils
LogPluginManager: Mounting plugin OculusVR
LogPluginManager: Plugin shader directory ../../../Engine/Plugins/Runtime/Oculus/OculusVR/Shaders found
LogPluginManager: Mapping shader source directory ../../../Engine/Plugins/Runtime/Oculus/OculusVR/Shaders to virtual directory /Plugin/OculusVR
LogPluginManager: Mounting plugin PhysXVehicles
LogPluginManager: Mounting plugin ProceduralMeshComponent
LogPluginManager: Mounting plugin RuntimePhysXCooking
LogPluginManager: Mounting plugin SteamVR
LogPluginManager: Mounting plugin WindowsMoviePlayer
LogModuleManager: Display: Found up-to-date module file ../../../Engine/Plugins/2D/Paper2D/Binaries/Win64/UE4Editor-Paper2D.dll (API version 3709383).
LogModuleManager: Display: Found up-to-date module file ../../../Engine/Plugins/2D/Paper2D/Binaries/Win64/UE4Editor-Paper2DEditor.dll (API version 3709383).
LogModuleManager: Display: Found up-to-date module file ../../../Engine/Plugins/2D/Paper2D/Binaries/Win64/UE4Editor-PaperSpriteSheetImporter.dll (API version 3709383).
LogModuleManager: Display: Found up-to-date module file ../../../Engine/Plugins/2D/Paper2D/Binaries/Win64/UE4Editor-PaperTiledImporter.dll (API version 3709383).
LogModuleManager: Display: Found up-to-date module file ../../../Engine/Plugins/2D/Paper2D/Binaries/Win64/UE4Editor-SmartSnapping.dll (API version 3709383).
LogModuleManager: Display: Found up-to-date module file ../../../Engine/Plugins/Blendables/LightPropagationVolume/Binaries/Win64/UE4Editor-LightPropagationVolumeRuntime.dll (API version 3709383).
LogModuleManager: Display: Found up-to-date module file ../../../Engine/Plugins/Blendables/LightPropagationVolume/Binaries/Win64/UE4Editor-LightPropagationVolumeEditor.dll (API version 3709383).
LogModuleManager: Display: Found up-to-date module file ../../../Engine/Plugins/Developer/GitSourceControl/Binaries/Win64/UE4Editor-GitSourceControl.dll (API version 3709383).
LogModuleManager: Display: Found up-to-date module file ../../../Engine/Plugins/Developer/PerforceSourceControl/Binaries/Win64/UE4Editor-PerforceSourceControl.dll (API version 3709383).
LogModuleManager: Display: Found up-to-date module file ../../../Engine/Plugins/Developer/SubversionSourceControl/Binaries/Win64/UE4Editor-SubversionSourceControl.dll (API version 3709383).
LogModuleManager: Display: Found up-to-date module file ../../../Engine/Plugins/Developer/UObjectPlugin/Binaries/Win64/UE4Editor-UObjectPlugin.dll (API version 3709383).
LogModuleManager: Display: Found up-to-date module file ../../../Engine/Plugins/Developer/VisualStudioCodeSourceCodeAccess/Binaries/Win64/UE4Editor-VisualStudioCodeSourceCodeAccess.dll (API version 3709383).
LogModuleManager: Display: Found up-to-date module file ../../../Engine/Plugins/Developer/VisualStudioSourceCodeAccess/Binaries/Win64/UE4Editor-VisualStudioSourceCodeAccess.dll (API version 3709383).
LogModuleManager: Display: Found up-to-date module file ../../../Engine/Plugins/Editor/AssetManagerEditor/Binaries/Win64/UE4Editor-AssetManagerEditor.dll (API version 3709383).
LogModuleManager: Display: Found up-to-date module file ../../../Engine/Plugins/Editor/AudioCapture/Binaries/Win64/UE4Editor-AudioCapture.dll (API version 3709383).
LogModuleManager: Display: Found up-to-date module file ../../../Engine/Plugins/Editor/FacialAnimation/Binaries/Win64/UE4Editor-FacialAnimation.dll (API version 3709383).
LogModuleManager: Display: Found up-to-date module file ../../../Engine/Plugins/Editor/FacialAnimation/Binaries/Win64/UE4Editor-FacialAnimationEditor.dll (API version 3709383).
LogModuleManager: Display: Found up-to-date module file ../../../Engine/Plugins/Editor/GameplayTagsEditor/Binaries/Win64/UE4Editor-GameplayTagsEditor.dll (API version 3709383).
LogModuleManager: Display: Found up-to-date module file ../../../Engine/Plugins/Editor/MobileLauncherProfileWizard/Binaries/Win64/UE4Editor-MobileLauncherProfileWizard.dll (API version 3709383).
LogModuleManager: Display: Found up-to-date module file ../../../Engine/Plugins/Editor/PluginBrowser/Binaries/Win64/UE4Editor-PluginBrowser.dll (API version 3709383).
LogModuleManager: Display: Found up-to-date module file ../../../Engine/Plugins/Editor/SpeedTreeImporter/Binaries/Win64/UE4Editor-SpeedTreeImporter.dll (API version 3709383).
LogModuleManager: Display: Found up-to-date module file ../../../Engine/Plugins/Experimental/AlembicImporter/Binaries/Win64/UE4Editor-AlembicImporter.dll (API version 3709383).
LogModuleManager: Display: Found up-to-date module file ../../../Engine/Plugins/Experimental/AlembicImporter/Binaries/Win64/UE4Editor-AlembicLibrary.dll (API version 3709383).
LogModuleManager: Display: Found up-to-date module file ../../../Engine/Plugins/Experimental/CharacterAI/Binaries/Win64/UE4Editor-CharacterAI.dll (API version 3709383).
LogModuleManager: Display: Found up-to-date module file ../../../Engine/Plugins/Experimental/HTML5Networking/Binaries/Win64/UE4Editor-HTML5Networking.dll (API version 3709383).
LogModuleManager: Display: Found up-to-date module file ../../../Engine/Plugins/Media/AndroidMedia/Binaries/Win64/UE4Editor-AndroidMediaEditor.dll (API version 3709383).
LogModuleManager: Display: Found up-to-date module file ../../../Engine/Plugins/Media/AndroidMedia/Binaries/Win64/UE4Editor-AndroidMediaFactory.dll (API version 3709383).
LogModuleManager: Display: Found up-to-date module file ../../../Engine/Plugins/Media/AvfMedia/Binaries/Win64/UE4Editor-AvfMediaEditor.dll (API version 3709383).
LogModuleManager: Display: Found up-to-date module file ../../../Engine/Plugins/Media/AvfMedia/Binaries/Win64/UE4Editor-AvfMediaFactory.dll (API version 3709383).
LogModuleManager: Display: Found up-to-date module file ../../../Engine/Plugins/Media/AvfMedia/Binaries/Win64/UE4Editor-AvfMediaFactory.dll (API version 3709383).
LogModuleManager: Display: Found up-to-date module file ../../../Engine/Plugins/Media/ImgMedia/Binaries/Win64/UE4Editor-ImgMedia.dll (API version 3709383).
LogModuleManager: Display: Found up-to-date module file ../../../Engine/Plugins/Media/ImgMedia/Binaries/Win64/UE4Editor-ImgMediaEditor.dll (API version 3709383).
LogModuleManager: Display: Found up-to-date module file ../../../Engine/Plugins/Media/ImgMedia/Binaries/Win64/UE4Editor-ImgMediaFactory.dll (API version 3709383).
LogModuleManager: Display: Found up-to-date module file ../../../Engine/Plugins/Media/ImgMedia/Binaries/Win64/UE4Editor-ImgMediaFactory.dll (API version 3709383).
LogModuleManager: Display: Found up-to-date module file ../../../Engine/Plugins/Media/ImgMedia/Binaries/Win64/UE4Editor-OpenExrWrapper.dll (API version 3709383).
LogModuleManager: Display: Found up-to-date module file ../../../Engine/Plugins/Media/MediaCompositing/Binaries/Win64/UE4Editor-MediaCompositing.dll (API version 3709383).
LogModuleManager: Display: Found up-to-date module file ../../../Engine/Plugins/Media/MediaCompositing/Binaries/Win64/UE4Editor-MediaCompositingEditor.dll (API version 3709383).
LogModuleManager: Display: Found up-to-date module file ../../../Engine/Plugins/Media/MediaPlayerEditor/Binaries/Win64/UE4Editor-MediaPlayerEditor.dll (API version 3709383).
LogModuleManager: Display: Found up-to-date module file ../../../Engine/Plugins/Media/WmfMedia/Binaries/Win64/UE4Editor-WmfMedia.dll (API version 3709383).
LogModuleManager: Display: Found up-to-date module file ../../../Engine/Plugins/Media/WmfMedia/Binaries/Win64/UE4Editor-WmfMediaEditor.dll (API version 3709383).
LogModuleManager: Display: Found up-to-date module file ../../../Engine/Plugins/Media/WmfMedia/Binaries/Win64/UE4Editor-WmfMediaFactory.dll (API version 3709383).
LogModuleManager: Display: Found up-to-date module file ../../../Engine/Plugins/Media/WmfMedia/Binaries/Win64/UE4Editor-WmfMediaFactory.dll (API version 3709383).
LogModuleManager: Display: Found up-to-date module file ../../../Engine/Plugins/Messaging/TcpMessaging/Binaries/Win64/UE4Editor-TcpMessaging.dll (API version 3709383).
LogModuleManager: Display: Found up-to-date module file ../../../Engine/Plugins/Messaging/UdpMessaging/Binaries/Win64/UE4Editor-UdpMessaging.dll (API version 3709383).
LogModuleManager: Display: Found up-to-date module file ../../../Engine/Plugins/MovieScene/ActorSequence/Binaries/Win64/UE4Editor-ActorSequence.dll (API version 3709383).
LogModuleManager: Display: Found up-to-date module file ../../../Engine/Plugins/MovieScene/LevelSequenceEditor/Binaries/Win64/UE4Editor-LevelSequenceEditor.dll (API version 3709383).
LogModuleManager: Display: Found up-to-date module file ../../../Engine/Plugins/MovieScene/MatineeToLevelSequence/Binaries/Win64/UE4Editor-MatineeToLevelSequence.dll (API version 3709383).
LogModuleManager: Display: Found up-to-date module file ../../../Engine/Plugins/Online/OnlineSubsystem/Binaries/Win64/UE4Editor-OnlineSubsystem.dll (API version 3709383).
LogModuleManager: Display: Found up-to-date module file ../../../Engine/Plugins/Online/OnlineSubsystemNull/Binaries/Win64/UE4Editor-OnlineSubsystemNull.dll (API version 3709383).
LogModuleManager: Display: Found up-to-date module file ../../../Engine/Plugins/Online/OnlineSubsystemUtils/Binaries/Win64/UE4Editor-OnlineSubsystemUtils.dll (API version 3709383).
LogModuleManager: Display: Found up-to-date module file ../../../Engine/Plugins/Online/OnlineSubsystemUtils/Binaries/Win64/UE4Editor-OnlineBlueprintSupport.dll (API version 3709383).
LogModuleManager: Display: Found up-to-date module file ../../../Engine/Plugins/Runtime/AndroidDeviceProfileSelector/Binaries/Win64/UE4Editor-AndroidDeviceProfileSelector.dll (API version 3709383).
LogModuleManager: Display: Found up-to-date module file ../../../Engine/Plugins/Runtime/AndroidPermission/Binaries/Win64/UE4Editor-AndroidPermission.dll (API version 3709383).
LogModuleManager: Display: Found up-to-date module file ../../../Engine/Plugins/Runtime/AppleARKit/Binaries/Win64/UE4Editor-AppleARKit.dll (API version 3709383).
LogModuleManager: Display: Found up-to-date module file ../../../Engine/Plugins/Runtime/ArchVisCharacter/Binaries/Win64/UE4Editor-ArchVisCharacter.dll (API version 3709383).
LogModuleManager: Display: Found up-to-date module file ../../../Engine/Plugins/Runtime/CableComponent/Binaries/Win64/UE4Editor-CableComponent.dll (API version 3709383).
LogModuleManager: Display: Found up-to-date module file ../../../Engine/Plugins/Runtime/CustomMeshComponent/Binaries/Win64/UE4Editor-CustomMeshComponent.dll (API version 3709383).
LogModuleManager: Display: Found up-to-date module file ../../../Engine/Plugins/Runtime/ExampleDeviceProfileSelector/Binaries/Win64/UE4Editor-ExampleDeviceProfileSelector.dll (API version 3709383).
LogModuleManager: Display: Found up-to-date module file ../../../Engine/Plugins/Runtime/ImmediatePhysics/Binaries/Win64/UE4Editor-ImmediatePhysics.dll (API version 3709383).
LogModuleManager: Display: Found up-to-date module file ../../../Engine/Plugins/Runtime/ImmediatePhysics/Binaries/Win64/UE4Editor-ImmediatePhysicsEditor.dll (API version 3709383).
LogModuleManager: Display: Found up-to-date module file ../../../Engine/Plugins/Runtime/LocationServicesBPLibrary/Binaries/Win64/UE4Editor-LocationServicesBPLibrary.dll (API version 3709383).
LogModuleManager: Display: Found up-to-date module file ../../../Engine/Plugins/Runtime/MobilePatchingUtils/Binaries/Win64/UE4Editor-MobilePatchingUtils.dll (API version 3709383).
LogModuleManager: Display: Found up-to-date module file ../../../Engine/Plugins/Runtime/Oculus/OculusVR/Binaries/Win64/UE4Editor-OculusHMD.dll (API version 3709383).
LogModuleManager: Display: Found up-to-date module file ../../../Engine/Plugins/Runtime/Oculus/OculusVR/Binaries/Win64/UE4Editor-OculusInput.dll (API version 3709383).
LogModuleManager: Display: Found up-to-date module file ../../../Engine/Plugins/Runtime/Oculus/OculusVR/Binaries/Win64/UE4Editor-OculusEditor.dll (API version 3709383).
LogModuleManager: Display: Found up-to-date module file ../../../Engine/Plugins/Runtime/PhysXVehicles/Binaries/Win64/UE4Editor-PhysXVehicles.dll (API version 3709383).
LogModuleManager: Display: Found up-to-date module file ../../../Engine/Plugins/Runtime/PhysXVehicles/Binaries/Win64/UE4Editor-PhysXVehiclesEditor.dll (API version 3709383).
LogModuleManager: Display: Found up-to-date module file ../../../Engine/Plugins/Runtime/ProceduralMeshComponent/Binaries/Win64/UE4Editor-ProceduralMeshComponent.dll (API version 3709383).
LogModuleManager: Display: Found up-to-date module file ../../../Engine/Plugins/Runtime/ProceduralMeshComponent/Binaries/Win64/UE4Editor-ProceduralMeshComponentEditor.dll (API version 3709383).
LogModuleManager: Display: Found up-to-date module file ../../../Engine/Plugins/Runtime/RuntimePhysXCooking/Binaries/Win64/UE4Editor-RuntimePhysXCooking.dll (API version 3709383).
LogModuleManager: Display: Found up-to-date module file ../../../Engine/Plugins/Runtime/Steam/SteamVR/Binaries/Win64/UE4Editor-SteamVR.dll (API version 3709383).
LogModuleManager: Display: Found up-to-date module file ../../../Engine/Plugins/Runtime/Steam/SteamVR/Binaries/Win64/UE4Editor-SteamVRController.dll (API version 3709383).
LogModuleManager: Display: Found up-to-date module file ../../../Engine/Plugins/Runtime/WindowsMoviePlayer/Binaries/Win64/UE4Editor-WindowsMoviePlayer.dll (API version 3709383).
LogInit: Warning: Incompatible or missing module: UE4Editor-Section_01.dll
Running C:/Program Files/Epic Games/UE_4.18/Engine/Binaries/DotNET/UnrealBuildTool.exe Section_01 Development Win64 -project="E:/Projects/Personal/Unreal/Udemy/Projects/Section_01/Section_01/Section_01.uproject" -editorrecompile -progress -NoHotReloadFromIDE
@progress push 5%
@progress pop
Performing 5 actions (4 in parallel)
Section_01GameModeBase.cpp
Section_01.init.gen.cpp
Section_01GameModeBase.gen.cpp
[4/5] Link UE4Editor-Section_01.dll
[5/5] Link UE4Editor-Section_01.lib
   Creating library E:\Projects\Personal\Unreal\Udemy\Projects\Section_01\Section_01\Intermediate\Build\Win64\UE4Editor\Development\UE4Editor-Section_01.suppressed.lib and object E:\Projects\Personal\Unreal\Udemy\Projects\Section_01\Section_01\Intermediate\Build\Win64\UE4Editor\Development\UE4Editor-Section_01.suppressed.exp
   Creating library E:\Projects\Personal\Unreal\Udemy\Projects\Section_01\Section_01\Intermediate\Build\Win64\UE4Editor\Development\UE4Editor-Section_01.lib and object E:\Projects\Personal\Unreal\Udemy\Projects\Section_01\Section_01\Intermediate\Build\Win64\UE4Editor\Development\UE4Editor-Section_01.exp
Total build time: 3.99 seconds (Local executor: 1.82 seconds)
LogModuleManager: Display: Found up-to-date module file E:/Projects/Personal/Unreal/Udemy/Projects/Section_01/Section_01/Binaries/Win64/UE4Editor-Section_01.dll (API version 3709383).
LogModuleManager: Display: Found up-to-date module file ../../../Engine/Plugins/2D/Paper2D/Binaries/Win64/UE4Editor-Paper2D.dll (API version 3709383).
LogModuleManager: Display: Found up-to-date module file ../../../Engine/Plugins/2D/Paper2D/Binaries/Win64/UE4Editor-Paper2DEditor.dll (API version 3709383).
LogModuleManager: Display: Found up-to-date module file ../../../Engine/Plugins/2D/Paper2D/Binaries/Win64/UE4Editor-PaperSpriteSheetImporter.dll (API version 3709383).
LogModuleManager: Display: Found up-to-date module file ../../../Engine/Plugins/2D/Paper2D/Binaries/Win64/UE4Editor-PaperTiledImporter.dll (API version 3709383).
LogModuleManager: Display: Found up-to-date module file ../../../Engine/Plugins/2D/Paper2D/Binaries/Win64/UE4Editor-SmartSnapping.dll (API version 3709383).
LogModuleManager: Display: Found up-to-date module file ../../../Engine/Plugins/Blendables/LightPropagationVolume/Binaries/Win64/UE4Editor-LightPropagationVolumeRuntime.dll (API version 3709383).
LogModuleManager: Display: Found up-to-date module file ../../../Engine/Plugins/Blendables/LightPropagationVolume/Binaries/Win64/UE4Editor-LightPropagationVolumeEditor.dll (API version 3709383).
LogModuleManager: Display: Found up-to-date module file ../../../Engine/Plugins/Developer/GitSourceControl/Binaries/Win64/UE4Editor-GitSourceControl.dll (API version 3709383).
LogModuleManager: Display: Found up-to-date module file ../../../Engine/Plugins/Developer/PerforceSourceControl/Binaries/Win64/UE4Editor-PerforceSourceControl.dll (API version 3709383).
LogModuleManager: Display: Found up-to-date module file ../../../Engine/Plugins/Developer/SubversionSourceControl/Binaries/Win64/UE4Editor-SubversionSourceControl.dll (API version 3709383).
LogModuleManager: Display: Found up-to-date module file ../../../Engine/Plugins/Developer/UObjectPlugin/Binaries/Win64/UE4Editor-UObjectPlugin.dll (API version 3709383).
LogModuleManager: Display: Found up-to-date module file ../../../Engine/Plugins/Developer/VisualStudioCodeSourceCodeAccess/Binaries/Win64/UE4Editor-VisualStudioCodeSourceCodeAccess.dll (API version 3709383).
LogModuleManager: Display: Found up-to-date module file ../../../Engine/Plugins/Developer/VisualStudioSourceCodeAccess/Binaries/Win64/UE4Editor-VisualStudioSourceCodeAccess.dll (API version 3709383).
LogModuleManager: Display: Found up-to-date module file ../../../Engine/Plugins/Editor/AssetManagerEditor/Binaries/Win64/UE4Editor-AssetManagerEditor.dll (API version 3709383).
LogModuleManager: Display: Found up-to-date module file ../../../Engine/Plugins/Editor/AudioCapture/Binaries/Win64/UE4Editor-AudioCapture.dll (API version 3709383).
LogModuleManager: Display: Found up-to-date module file ../../../Engine/Plugins/Editor/FacialAnimation/Binaries/Win64/UE4Editor-FacialAnimation.dll (API version 3709383).
LogModuleManager: Display: Found up-to-date module file ../../../Engine/Plugins/Editor/FacialAnimation/Binaries/Win64/UE4Editor-FacialAnimationEditor.dll (API version 3709383).
LogModuleManager: Display: Found up-to-date module file ../../../Engine/Plugins/Editor/GameplayTagsEditor/Binaries/Win64/UE4Editor-GameplayTagsEditor.dll (API version 3709383).
LogModuleManager: Display: Found up-to-date module file ../../../Engine/Plugins/Editor/MobileLauncherProfileWizard/Binaries/Win64/UE4Editor-MobileLauncherProfileWizard.dll (API version 3709383).
LogModuleManager: Display: Found up-to-date module file ../../../Engine/Plugins/Editor/PluginBrowser/Binaries/Win64/UE4Editor-PluginBrowser.dll (API version 3709383).
LogModuleManager: Display: Found up-to-date module file ../../../Engine/Plugins/Editor/SpeedTreeImporter/Binaries/Win64/UE4Editor-SpeedTreeImporter.dll (API version 3709383).
LogModuleManager: Display: Found up-to-date module file ../../../Engine/Plugins/Experimental/AlembicImporter/Binaries/Win64/UE4Editor-AlembicImporter.dll (API version 3709383).
LogModuleManager: Display: Found up-to-date module file ../../../Engine/Plugins/Experimental/AlembicImporter/Binaries/Win64/UE4Editor-AlembicLibrary.dll (API version 3709383).
LogModuleManager: Display: Found up-to-date module file ../../../Engine/Plugins/Experimental/CharacterAI/Binaries/Win64/UE4Editor-CharacterAI.dll (API version 3709383).
LogModuleManager: Display: Found up-to-date module file ../../../Engine/Plugins/Experimental/HTML5Networking/Binaries/Win64/UE4Editor-HTML5Networking.dll (API version 3709383).
LogModuleManager: Display: Found up-to-date module file ../../../Engine/Plugins/Media/AndroidMedia/Binaries/Win64/UE4Editor-AndroidMediaEditor.dll (API version 3709383).
LogModuleManager: Display: Found up-to-date module file ../../../Engine/Plugins/Media/AndroidMedia/Binaries/Win64/UE4Editor-AndroidMediaFactory.dll (API version 3709383).
LogModuleManager: Display: Found up-to-date module file ../../../Engine/Plugins/Media/AvfMedia/Binaries/Win64/UE4Editor-AvfMediaEditor.dll (API version 3709383).
LogModuleManager: Display: Found up-to-date module file ../../../Engine/Plugins/Media/AvfMedia/Binaries/Win64/UE4Editor-AvfMediaFactory.dll (API version 3709383).
LogModuleManager: Display: Found up-to-date module file ../../../Engine/Plugins/Media/AvfMedia/Binaries/Win64/UE4Editor-AvfMediaFactory.dll (API version 3709383).
LogModuleManager: Display: Found up-to-date module file ../../../Engine/Plugins/Media/ImgMedia/Binaries/Win64/UE4Editor-ImgMedia.dll (API version 3709383).
LogModuleManager: Display: Found up-to-date module file ../../../Engine/Plugins/Media/ImgMedia/Binaries/Win64/UE4Editor-ImgMediaEditor.dll (API version 3709383).
LogModuleManager: Display: Found up-to-date module file ../../../Engine/Plugins/Media/ImgMedia/Binaries/Win64/UE4Editor-ImgMediaFactory.dll (API version 3709383).
LogModuleManager: Display: Found up-to-date module file ../../../Engine/Plugins/Media/ImgMedia/Binaries/Win64/UE4Editor-ImgMediaFactory.dll (API version 3709383).
LogModuleManager: Display: Found up-to-date module file ../../../Engine/Plugins/Media/ImgMedia/Binaries/Win64/UE4Editor-OpenExrWrapper.dll (API version 3709383).
LogModuleManager: Display: Found up-to-date module file ../../../Engine/Plugins/Media/MediaCompositing/Binaries/Win64/UE4Editor-MediaCompositing.dll (API version 3709383).
LogModuleManager: Display: Found up-to-date module file ../../../Engine/Plugins/Media/MediaCompositing/Binaries/Win64/UE4Editor-MediaCompositingEditor.dll (API version 3709383).
LogModuleManager: Display: Found up-to-date module file ../../../Engine/Plugins/Media/MediaPlayerEditor/Binaries/Win64/UE4Editor-MediaPlayerEditor.dll (API version 3709383).
LogModuleManager: Display: Found up-to-date module file ../../../Engine/Plugins/Media/WmfMedia/Binaries/Win64/UE4Editor-WmfMedia.dll (API version 3709383).
LogModuleManager: Display: Found up-to-date module file ../../../Engine/Plugins/Media/WmfMedia/Binaries/Win64/UE4Editor-WmfMediaEditor.dll (API version 3709383).
LogModuleManager: Display: Found up-to-date module file ../../../Engine/Plugins/Media/WmfMedia/Binaries/Win64/UE4Editor-WmfMediaFactory.dll (API version 3709383).
LogModuleManager: Display: Found up-to-date module file ../../../Engine/Plugins/Media/WmfMedia/Binaries/Win64/UE4Editor-WmfMediaFactory.dll (API version 3709383).
LogModuleManager: Display: Found up-to-date module file ../../../Engine/Plugins/Messaging/TcpMessaging/Binaries/Win64/UE4Editor-TcpMessaging.dll (API version 3709383).
LogModuleManager: Display: Found up-to-date module file ../../../Engine/Plugins/Messaging/UdpMessaging/Binaries/Win64/UE4Editor-UdpMessaging.dll (API version 3709383).
LogModuleManager: Display: Found up-to-date module file ../../../Engine/Plugins/MovieScene/ActorSequence/Binaries/Win64/UE4Editor-ActorSequence.dll (API version 3709383).
LogModuleManager: Display: Found up-to-date module file ../../../Engine/Plugins/MovieScene/LevelSequenceEditor/Binaries/Win64/UE4Editor-LevelSequenceEditor.dll (API version 3709383).
LogModuleManager: Display: Found up-to-date module file ../../../Engine/Plugins/MovieScene/MatineeToLevelSequence/Binaries/Win64/UE4Editor-MatineeToLevelSequence.dll (API version 3709383).
LogModuleManager: Display: Found up-to-date module file ../../../Engine/Plugins/Online/OnlineSubsystem/Binaries/Win64/UE4Editor-OnlineSubsystem.dll (API version 3709383).
LogModuleManager: Display: Found up-to-date module file ../../../Engine/Plugins/Online/OnlineSubsystemNull/Binaries/Win64/UE4Editor-OnlineSubsystemNull.dll (API version 3709383).
LogModuleManager: Display: Found up-to-date module file ../../../Engine/Plugins/Online/OnlineSubsystemUtils/Binaries/Win64/UE4Editor-OnlineSubsystemUtils.dll (API version 3709383).
LogModuleManager: Display: Found up-to-date module file ../../../Engine/Plugins/Online/OnlineSubsystemUtils/Binaries/Win64/UE4Editor-OnlineBlueprintSupport.dll (API version 3709383).
LogModuleManager: Display: Found up-to-date module file ../../../Engine/Plugins/Runtime/AndroidDeviceProfileSelector/Binaries/Win64/UE4Editor-AndroidDeviceProfileSelector.dll (API version 3709383).
LogModuleManager: Display: Found up-to-date module file ../../../Engine/Plugins/Runtime/AndroidPermission/Binaries/Win64/UE4Editor-AndroidPermission.dll (API version 3709383).
LogModuleManager: Display: Found up-to-date module file ../../../Engine/Plugins/Runtime/AppleARKit/Binaries/Win64/UE4Editor-AppleARKit.dll (API version 3709383).
LogModuleManager: Display: Found up-to-date module file ../../../Engine/Plugins/Runtime/ArchVisCharacter/Binaries/Win64/UE4Editor-ArchVisCharacter.dll (API version 3709383).
LogModuleManager: Display: Found up-to-date module file ../../../Engine/Plugins/Runtime/CableComponent/Binaries/Win64/UE4Editor-CableComponent.dll (API version 3709383).
LogModuleManager: Display: Found up-to-date module file ../../../Engine/Plugins/Runtime/CustomMeshComponent/Binaries/Win64/UE4Editor-CustomMeshComponent.dll (API version 3709383).
LogModuleManager: Display: Found up-to-date module file ../../../Engine/Plugins/Runtime/ExampleDeviceProfileSelector/Binaries/Win64/UE4Editor-ExampleDeviceProfileSelector.dll (API version 3709383).
LogModuleManager: Display: Found up-to-date module file ../../../Engine/Plugins/Runtime/ImmediatePhysics/Binaries/Win64/UE4Editor-ImmediatePhysics.dll (API version 3709383).
LogModuleManager: Display: Found up-to-date module file ../../../Engine/Plugins/Runtime/ImmediatePhysics/Binaries/Win64/UE4Editor-ImmediatePhysicsEditor.dll (API version 3709383).
LogModuleManager: Display: Found up-to-date module file ../../../Engine/Plugins/Runtime/LocationServicesBPLibrary/Binaries/Win64/UE4Editor-LocationServicesBPLibrary.dll (API version 3709383).
LogModuleManager: Display: Found up-to-date module file ../../../Engine/Plugins/Runtime/MobilePatchingUtils/Binaries/Win64/UE4Editor-MobilePatchingUtils.dll (API version 3709383).
LogModuleManager: Display: Found up-to-date module file ../../../Engine/Plugins/Runtime/Oculus/OculusVR/Binaries/Win64/UE4Editor-OculusHMD.dll (API version 3709383).
LogModuleManager: Display: Found up-to-date module file ../../../Engine/Plugins/Runtime/Oculus/OculusVR/Binaries/Win64/UE4Editor-OculusInput.dll (API version 3709383).
LogModuleManager: Display: Found up-to-date module file ../../../Engine/Plugins/Runtime/Oculus/OculusVR/Binaries/Win64/UE4Editor-OculusEditor.dll (API version 3709383).
LogModuleManager: Display: Found up-to-date module file ../../../Engine/Plugins/Runtime/PhysXVehicles/Binaries/Win64/UE4Editor-PhysXVehicles.dll (API version 3709383).
LogModuleManager: Display: Found up-to-date module file ../../../Engine/Plugins/Runtime/PhysXVehicles/Binaries/Win64/UE4Editor-PhysXVehiclesEditor.dll (API version 3709383).
LogModuleManager: Display: Found up-to-date module file ../../../Engine/Plugins/Runtime/ProceduralMeshComponent/Binaries/Win64/UE4Editor-ProceduralMeshComponent.dll (API version 3709383).
LogModuleManager: Display: Found up-to-date module file ../../../Engine/Plugins/Runtime/ProceduralMeshComponent/Binaries/Win64/UE4Editor-ProceduralMeshComponentEditor.dll (API version 3709383).
LogModuleManager: Display: Found up-to-date module file ../../../Engine/Plugins/Runtime/RuntimePhysXCooking/Binaries/Win64/UE4Editor-RuntimePhysXCooking.dll (API version 3709383).
LogModuleManager: Display: Found up-to-date module file ../../../Engine/Plugins/Runtime/Steam/SteamVR/Binaries/Win64/UE4Editor-SteamVR.dll (API version 3709383).
LogModuleManager: Display: Found up-to-date module file ../../../Engine/Plugins/Runtime/Steam/SteamVR/Binaries/Win64/UE4Editor-SteamVRController.dll (API version 3709383).
LogModuleManager: Display: Found up-to-date module file ../../../Engine/Plugins/Runtime/WindowsMoviePlayer/Binaries/Win64/UE4Editor-WindowsMoviePlayer.dll (API version 3709383).
LogInit: Using libcurl 7.47.1
LogInit:  - built for x86_64-pc-win32
LogInit:  - supports SSL with OpenSSL/1.0.2g
LogInit:  - supports HTTP deflate (compression) using libz 1.2.8
LogInit:  - other features:
LogInit:      CURL_VERSION_SSL
LogInit:      CURL_VERSION_LIBZ
LogInit:      CURL_VERSION_IPV6
LogInit:      CURL_VERSION_ASYNCHDNS
LogInit:      CURL_VERSION_LARGEFILE
LogInit:      CURL_VERSION_IDN
LogInit:  CurlRequestOptions (configurable via config and command line):
LogInit:  - bVerifyPeer = false  - Libcurl will NOT verify peer certificate
LogInit:  - bUseHttpProxy = false  - Libcurl will NOT use HTTP proxy
LogInit:  - bDontReuseConnections = false  - Libcurl will reuse connections
LogInit:  - CertBundlePath = nullptr  - Libcurl will use whatever was configured at build time.
LogInit: Build: ++UE4+Release-4.18-CL-3754814
LogInit: Engine Version: 4.18.1-3754814+++UE4+Release-4.18
LogInit: Compatible Engine Version: 4.18.0-3709383+++UE4+Release-4.18
LogInit: Net CL: 3709383
LogDevObjectVersion: Number of dev versions registered: 16
LogDevObjectVersion:   Dev-Blueprints (B0D832E4-1F89-4F0D-ACCF-7EB736FD4AA2): 10
LogDevObjectVersion:   Dev-Build (E1C64328-A22C-4D53-A36C-8E866417BD8C): 0
LogDevObjectVersion:   Dev-Core (375EC13C-06E4-48FB-B500-84F0262A717E): 2
LogDevObjectVersion:   Dev-Editor (E4B068ED-F494-42E9-A231-DA0B2E46BB41): 20
LogDevObjectVersion:   Dev-Framework (CFFC743F-43B0-4480-9391-14DF171D2073): 30
LogDevObjectVersion:   Dev-Mobile (B02B49B5-BB20-44E9-A304-32B752E40360): 0
LogDevObjectVersion:   Dev-Networking (A4E4105C-59A1-49B5-A7C5-40C4547EDFEE): 0
LogDevObjectVersion:   Dev-Online (39C831C9-5AE6-47DC-9A44-9C173E1C8E7C): 0
LogDevObjectVersion:   Dev-Physics (78F01B33-EBEA-4F98-B9B4-84EACCB95AA2): 0
LogDevObjectVersion:   Dev-Platform (6631380F-2D4D-43E0-8009-CF276956A95A): 0
LogDevObjectVersion:   Dev-Rendering (12F88B9F-8875-4AFC-A67C-D90C383ABD29): 20
LogDevObjectVersion:   Dev-Sequencer (7B5AE74C-D270-4C10-A958-57980B212A5A): 4
LogDevObjectVersion:   Dev-VR (D7296918-1DD6-4BDD-9DE2-64A83CC13884): 0
LogDevObjectVersion:   Dev-LoadTimes (C2A15278-BFE7-4AFE-6C17-90FF531DF755): 1
LogDevObjectVersion:   Private-Geometry (6EACA3D4-40EC-4CC1-B786-8BED09428FC5): 1
LogDevObjectVersion:   Dev-AnimPhys (29E575DD-E0A3-4627-9D10-D276232CDCEA): 12
LogInit: Compiled (64-bit): Nov 14 2017 02:05:55
LogInit: Compiled with Visual C++: 19.00.24215.01
LogInit: Build Configuration: Development
LogInit: Branch Name: ++UE4+Release-4.18
LogInit: Command line: -EpicPortal 
LogInit: Base directory: C:/Program Files/Epic Games/UE_4.18/Engine/Binaries/Win64/
LogInit: Installed Engine Build: 1
LogInit: Presizing for max 8388607 objects, including 0 objects not considered by GC, pre-allocating 0 bytes for permanent pool.
LogInit: Object subsystem initialized
[2017.11.25-22.08.37:294][  0]LogInit: Selected Device Profile: [Windows]
[2017.11.25-22.08.37:294][  0]LogInit: Applying CVar settings loaded from the selected device profile: [Windows]
[2017.11.25-22.08.37:303][  0]LogInit: Computer: SIMON_PC
[2017.11.25-22.08.37:303][  0]LogInit: User: SimonGumbleton
[2017.11.25-22.08.37:303][  0]LogInit: CPU Page size=4096, Cores=4
[2017.11.25-22.08.37:303][  0]LogInit: High frequency timer resolution =3.320332 MHz
[2017.11.25-22.08.37:303][  0]LogMemory: Memory total: Physical=8.0GB (8GB approx)
[2017.11.25-22.08.37:303][  0]LogMemory: Platform Memory Stats for Windows
[2017.11.25-22.08.37:303][  0]LogMemory: Process Physical Memory: 275.95 MB used, 275.95 MB peak
[2017.11.25-22.08.37:303][  0]LogMemory: Process Virtual Memory: 264.16 MB used, 264.16 MB peak
[2017.11.25-22.08.37:303][  0]LogMemory: Physical Memory: 4199.00 MB used,  3944.92 MB free, 8143.92 MB total
[2017.11.25-22.08.37:303][  0]LogMemory: Virtual Memory: 663.07 MB used,  3944.92 MB free, 134217728.00 MB total
[2017.11.25-22.08.37:524][  0]LogInit: Using OS detected language (en-US).
[2017.11.25-22.08.37:524][  0]LogInit: Using OS detected locale (en-US).
[2017.11.25-22.08.37:534][  0]LogTextLocalizationManager: No specific localization for 'en-US' exists, so the 'en' localization will be used.
[2017.11.25-22.08.37:983][  0]LogInit: Setting process to per monitor DPI aware
[2017.11.25-22.08.38:437][  0]LogD3D11RHI: D3D11 adapters:
[2017.11.25-22.08.38:492][  0]LogD3D11RHI:    0. 'NVIDIA GeForce GTX 650' (Feature Level 11_0)
[2017.11.25-22.08.38:492][  0]LogD3D11RHI:       995/0/4071 MB DedicatedVideo/DedicatedSystem/SharedSystem, Outputs:1, VendorId:0x10de
[2017.11.25-22.08.38:500][  0]LogD3D11RHI:    1. 'Microsoft Basic Render Driver' (Feature Level 11_0)
[2017.11.25-22.08.38:500][  0]LogD3D11RHI:       0/0/4071 MB DedicatedVideo/DedicatedSystem/SharedSystem, Outputs:0, VendorId:0x1414
[2017.11.25-22.08.38:500][  0]LogD3D11RHI: Chosen D3D11 Adapter: 0
[2017.11.25-22.08.38:505][  0]LogD3D11RHI: Creating new Direct3DDevice
[2017.11.25-22.08.38:505][  0]LogD3D11RHI:     GPU DeviceId: 0xfc6 (for the marketing name, search the web for "GPU Device Id")
[2017.11.25-22.08.38:505][  0]LogWindows: EnumDisplayDevices:
[2017.11.25-22.08.38:505][  0]LogWindows:    0. 'NVIDIA GeForce GTX 650' (P:1 D:1)
[2017.11.25-22.08.38:505][  0]LogWindows:    1. 'NVIDIA GeForce GTX 650' (P:0 D:0)
[2017.11.25-22.08.38:505][  0]LogWindows:    2. 'NVIDIA GeForce GTX 650' (P:0 D:0)
[2017.11.25-22.08.38:505][  0]LogWindows: DebugString: FoundDriverCount:3 
[2017.11.25-22.08.38:505][  0]LogD3D11RHI:     Adapter Name: NVIDIA GeForce GTX 650
[2017.11.25-22.08.38:505][  0]LogD3D11RHI:   Driver Version: 388.13 (internal:23.21.13.8813, unified:388.13)
[2017.11.25-22.08.38:506][  0]LogD3D11RHI:      Driver Date: 10-27-2017
[2017.11.25-22.08.38:506][  0]LogRHI: Texture pool is 696 MB (70% of 995 MB)
[2017.11.25-22.08.38:540][  0]LogD3D11RHI: Async texture creation enabled
[2017.11.25-22.08.38:551][  0]LogD3D11RHI: GPU Timing Frequency: 1000.000000 (Debug: 2 1)
[2017.11.25-22.08.38:553][  0]LogShaderCompilers: Guid format shader working directory is -9 characters bigger than the processId version (E:/Projects/Personal/Unreal/Udemy/Projects/Section_01/Section_01/Intermediate/Shaders/WorkingDirectory/8816/).
[2017.11.25-22.08.38:553][  0]LogShaderCompilers: Cleaned the shader compiler working directory 'C:/Users/SimonGumbleton/AppData/Local/Temp/UnrealShaderWorkingDir/A570341A488A37F0C47B08AC057815D1/'.
[2017.11.25-22.08.38:553][  0]LogShaderCompilers: Display: Using Local Shader Compiler.
[2017.11.25-22.08.39:686][  0]LogTemp: Display: Loaded TP AllDesktopTargetPlatform
[2017.11.25-22.08.39:765][  0]LogTemp: Display: Loaded TP MacClientTargetPlatform
[2017.11.25-22.08.39:844][  0]LogTemp: Display: Loaded TP MacNoEditorTargetPlatform
[2017.11.25-22.08.39:924][  0]LogTemp: Display: Loaded TP MacServerTargetPlatform
[2017.11.25-22.08.40:002][  0]LogTemp: Display: Loaded TP MacTargetPlatform
[2017.11.25-22.08.40:082][  0]LogTemp: Display: Loaded TP WindowsClientTargetPlatform
[2017.11.25-22.08.40:161][  0]LogTemp: Display: Loaded TP WindowsNoEditorTargetPlatform
[2017.11.25-22.08.40:241][  0]LogTemp: Display: Loaded TP WindowsServerTargetPlatform
[2017.11.25-22.08.40:313][  0]LogTemp: Display: Loaded TP WindowsTargetPlatform
[2017.11.25-22.08.40:389][  0]LogTemp: Display: Loaded TP Android_ASTCTargetPlatform
[2017.11.25-22.08.40:466][  0]LogTemp: Display: Loaded TP Android_ATCTargetPlatform
[2017.11.25-22.08.40:534][  0]LogTemp: Display: Loaded TP Android_DXTTargetPlatform
[2017.11.25-22.08.40:603][  0]LogTemp: Display: Loaded TP Android_ETC1TargetPlatform
[2017.11.25-22.08.40:676][  0]LogTemp: Display: Loaded TP Android_ETC2TargetPlatform
[2017.11.25-22.08.40:823][  0]LogTemp: Display: Loaded TP Android_MultiTargetPlatform
[2017.11.25-22.08.40:823][  0]LogTemp: Display: Loaded TP Android_PVRTCTargetPlatform
[2017.11.25-22.08.40:897][  0]LogTemp: Display: Loaded TP AndroidTargetPlatform
[2017.11.25-22.08.40:956][  0]LogTemp: Display: Loaded TP HTML5TargetPlatform
[2017.11.25-22.08.41:075][  0]LogTemp: Display: Loaded TP IOSTargetPlatform
[2017.11.25-22.08.41:108][  0]LogTemp: Display: Loaded TP TVOSTargetPlatform
[2017.11.25-22.08.41:177][  0]LogTemp: Display: Loaded TP LinuxClientTargetPlatform
[2017.11.25-22.08.41:246][  0]LogTemp: Display: Loaded TP LinuxNoEditorTargetPlatform
[2017.11.25-22.08.41:316][  0]LogTemp: Display: Loaded TP LinuxServerTargetPlatform
[2017.11.25-22.08.41:386][  0]LogTemp: Display: Loaded TP LinuxTargetPlatform
[2017.11.25-22.08.41:386][  0]LogTargetPlatformManager: Display: Building Assets For Windows
[2017.11.25-22.08.42:049][  0]LogDerivedDataCache: Display: Max Cache Size: 512 MB
[2017.11.25-22.08.42:511][  0]LogDerivedDataCache: Loaded boot cache 0.46s 69MB C:/Users/SimonGumbleton/AppData/Local/UnrealEngine/4.18/DerivedDataCache/Boot.ddc.
[2017.11.25-22.08.42:511][  0]LogDerivedDataCache: Display: Loaded Boot cache: C:/Users/SimonGumbleton/AppData/Local/UnrealEngine/4.18/DerivedDataCache/Boot.ddc
[2017.11.25-22.08.42:511][  0]LogDerivedDataCache: FDerivedDataBackendGraph:  Pak pak cache file E:/Projects/Personal/Unreal/Udemy/Projects/Section_01/Section_01/DerivedDataCache/DDC.ddp not found, will not use a pak cache.
[2017.11.25-22.08.42:511][  0]LogDerivedDataCache: Unable to find inner node Pak for hierarchical cache Hierarchy.
[2017.11.25-22.08.42:512][  0]LogDerivedDataCache: FDerivedDataBackendGraph:  CompressedPak pak cache file E:/Projects/Personal/Unreal/Udemy/Projects/Section_01/Section_01/DerivedDataCache/Compressed.ddp not found, will not use a pak cache.
[2017.11.25-22.08.42:512][  0]LogDerivedDataCache: Unable to find inner node CompressedPak for hierarchical cache Hierarchy.
[2017.11.25-22.08.42:529][  0]LogDerivedDataCache: Display: Pak cache opened for reading ../../../Engine/DerivedDataCache/Compressed.ddp.
[2017.11.25-22.08.42:541][  0]LogDerivedDataCache: Using Local data cache path C:/Users/SimonGumbleton/AppData/Local/UnrealEngine/Common/DerivedDataCache: Writable
[2017.11.25-22.08.42:553][  0]LogMaterial: Verifying Global Shaders for PCD3D_SM5
[2017.11.25-22.08.42:553][  0]LogSlate: Using Freetype 2.6.0
[2017.11.25-22.08.42:555][  0]LogSlate: SlateFontCache - WITH_FREETYPE: 1, WITH_HARFBUZZ: 1
[2017.11.25-22.08.42:555][  0]LogSlate: SlateFontCache - WITH_FREETYPE: 1, WITH_HARFBUZZ: 1
[2017.11.25-22.08.43:254][  0]LogInit: Selected Device Profile: [Windows]
[2017.11.25-22.08.43:630][  0]LogSimplygon: Simplygon DLL not present - disabling.
[2017.11.25-22.08.43:692][  0]LogMeshReduction: Using SimplygonSwarm for distributed automatic mesh merging
[2017.11.25-22.08.43:692][  0]LogMeshReduction: Using QuadricMeshReduction for automatic static mesh reduction
[2017.11.25-22.08.43:692][  0]LogMeshReduction: No automatic skeletal mesh reduction module available
[2017.11.25-22.08.43:692][  0]LogMeshReduction: No automatic mesh merging module available
[2017.11.25-22.08.43:692][  0]LogMeshMerging: No automatic mesh merging module available
[2017.11.25-22.08.43:812][  0]LogNetVersion: Section_01 , NetCL: 3709383, EngineNetVer: 2, GameNetVer: 0 (Checksum: 1940410359)
[2017.11.25-22.08.44:018][  0]LogAssetRegistry: FAssetRegistry took 0.0265 seconds to start up
[2017.11.25-22.08.44:663][  0]LogPackageLocalizationCache: Processed 7 localized package path(s) for 2 prioritized culture(s) in 0.065278 seconds
[2017.11.25-22.08.44:669][  0]LogUObjectArray: 35900 objects as part of root set at end of initial load.
[2017.11.25-22.08.44:669][  0]LogUObjectAllocator: 7372016 out of 0 bytes used by permanent object pool.
[2017.11.25-22.08.44:669][  0]LogUObjectArray: CloseDisregardForGC: 0/0 objects in disregard for GC pool
[2017.11.25-22.08.44:742][  0]LogInit: WinSock: version 1.1 (2.2), MaxSocks=32767, MaxUdp=65467
[2017.11.25-22.08.48:970][  0]LogTcpMessaging: Initializing TcpMessaging bridge
[2017.11.25-22.08.49:034][  0]LogUdpMessaging: Initializing bridge on interface 0.0.0.0:0 to multicast group 230.0.0.1:6666.
[2017.11.25-22.08.50:107][  0]LogMaterial: Uniform references updated for custom material expression Custom.
[2017.11.25-22.08.50:724][  0]SourceControl: Source control is disabled
[2017.11.25-22.08.50:725][  0]SourceControl: Source control is disabled
[2017.11.25-22.08.50:804][  0]SourceControl: Source control is disabled
[2017.11.25-22.08.50:885][  0]SourceControl: Source control is disabled
[2017.11.25-22.08.52:112][  0]LogAndroidPermission: UAndroidPermissionCallbackProxy::GetInstance
[2017.11.25-22.08.52:523][  0]LogOcInput: OculusInput pre-init called
[2017.11.25-22.08.52:918][  0]LogEngine: Initializing Engine...
[2017.11.25-22.08.52:921][  0]LogHMD: Failed to initialize OpenVR with code 110
[2017.11.25-22.08.53:180][  0]LogStats: UGameplayTagsManager::ConstructGameplayTagTree: Construct from data asset -  0.000 s
[2017.11.25-22.08.53:180][  0]LogStats: UGameplayTagsManager::ConstructGameplayTagTree: GameplayTagTreeChangedEvent.Broadcast -  0.000 s
[2017.11.25-22.08.53:371][  0]LogAIModule: Creating AISystem for world Untitled
[2017.11.25-22.08.53:400][  0]LogInit: XAudio2 using 'Analog (3+4) (RME Babyface)' : 2 channels at 48 kHz using 32 bits per sample (channel mask 0x3)
[2017.11.25-22.08.53:410][  0]LogInit: FAudioDevice initialized.
[2017.11.25-22.08.53:530][  0]LogDerivedDataCache: Saved boot cache 0.12s 78MB C:/Users/SimonGumbleton/AppData/Local/UnrealEngine/4.18/DerivedDataCache/Boot.ddc.
[2017.11.25-22.08.53:535][  0]LogInit: Texture streaming: Enabled
[2017.11.25-22.08.53:668][  0]LogEngineSessionManager: EngineSessionManager initialized
[2017.11.25-22.08.53:857][  0]LogWindowsTextInputMethodSystem: Display: IME system now deactivated.
[2017.11.25-22.08.53:891][  0]LogInit: Transaction tracking system initialized
[2017.11.25-22.08.54:376][  0]BlueprintLog: New page: Editor Load
[2017.11.25-22.08.55:859][  0]LocalizationService: Localization service is disabled
[2017.11.25-22.08.56:997][  0]LogConsoleResponse: Display: 
[2017.11.25-22.08.57:217][  0]LogFileCache: Scanning file cache for directory 'E:/Projects/Personal/Unreal/Udemy/Projects/Section_01/Section_01/Content/' took 0.01s
[2017.11.25-22.08.57:217][  0]LogCook: Display: Max memory allowance for cook 16384mb min free memory 0mb
[2017.11.25-22.08.57:217][  0]LogCook: Display: Mobile HDR setting 1
[2017.11.25-22.08.57:217][  0]LogGameplayTags: Display: UGameplayTagsManager::DoneAddingNativeTags. DelegateIsBound: 0
[2017.11.25-22.08.59:146][  0]SourceControl: Source control is disabled
[2017.11.25-22.08.59:146][  0]Cmd: MAP LOAD FILE="../../../Engine/Content/Maps/Templates/Template_Default.umap" TEMPLATE=1 SHOWPROGRESS=1 FEATURELEVEL=3
[2017.11.25-22.08.59:147][  0]LightingResults: New page: Lighting Build
[2017.11.25-22.08.59:212][  0]MapCheck: New page: Map Check
[2017.11.25-22.08.59:212][  0]LightingResults: New page: Lighting Build
[2017.11.25-22.08.59:505][  0]LogAIModule: Creating AISystem for world Untitled_1
[2017.11.25-22.08.59:511][  0]LogEditorServer: Finished looking for orphan Actors (0.000 secs)
[2017.11.25-22.08.59:522][  0]Cmd: MAP CHECKDEP NOCLEARLOG
[2017.11.25-22.08.59:629][  0]MapCheck: Map check complete: 0 Error(s), 0 Warning(s), took 107.313ms to complete.
[2017.11.25-22.08.59:629][  0]LogFileHelpers: Loading map 'Template_Default' took 0.483
[2017.11.25-22.08.59:838][  0]LogCollectionManager: Loaded 0 collections in 0.002060 seconds
[2017.11.25-22.08.59:958][  0]LogFileCache: Scanning file cache for directory 'E:/Projects/Personal/Unreal/Udemy/Projects/Section_01/Section_01/Saved/Collections/' took 0.01s
[2017.11.25-22.08.59:958][  0]LogFileCache: Scanning file cache for directory 'E:/Projects/Personal/Unreal/Udemy/Projects/Section_01/Section_01/Content/Developers/SimonGumbleton/Collections/' took 0.01s
[2017.11.25-22.08.59:958][  0]LogFileCache: Scanning file cache for directory 'E:/Projects/Personal/Unreal/Udemy/Projects/Section_01/Section_01/Content/Collections/' took 0.01s
[2017.11.25-22.08.59:958][  0]LogCollectionManager: Rebuilt the GUID cache for 0 collections in 0.000000 seconds
[2017.11.25-22.08.59:974][  0]LogContentBrowser: Native class hierarchy populated in 0.0125 seconds. Added 2364 classes and 521 folders.
[2017.11.25-22.09.00:077][  0]LogContentBrowser: Native class hierarchy updated for 'WidgetCarousel' in 0.0008 seconds. Added 0 classes and 0 folders.
[2017.11.25-22.09.00:251][  0]LogContentBrowser: Native class hierarchy updated for 'AddContentDialog' in 0.0009 seconds. Added 0 classes and 0 folders.
[2017.11.25-22.09.00:342][  0]LogContentBrowser: Native class hierarchy updated for 'SceneOutliner' in 0.0008 seconds. Added 1 classes and 2 folders.
[2017.11.25-22.09.00:418][  0]LogSlate: Took 0.004017 seconds to synchronously load lazily loaded font '../../../Engine/Content/Slate/Fonts/Roboto-Regular.ttf' (155K)
[2017.11.25-22.09.00:422][  0]LogSlate: Took 0.001756 seconds to synchronously load lazily loaded font '../../../Engine/Content/Slate/Fonts/Roboto-Bold.ttf' (160K)
[2017.11.25-22.09.00:432][  0]LogSlate: Took 0.001590 seconds to synchronously load lazily loaded font '../../../Engine/Content/Editor/Slate/Fonts/FontAwesome.ttf' (139K)
[2017.11.25-22.09.00:497][  0]LogMaterial: Missing cached shader map for material LevelGridMaterial2, compiling. 
[2017.11.25-22.09.00:598][  0]LogRenderer: Reallocating scene render targets to support 1208x576 Format 10 NumSamples 1 (Frame:1).
[2017.11.25-22.09.00:899][  0]LogContentBrowser: Native class hierarchy updated for 'HierarchicalLODOutliner' in 0.0008 seconds. Added 1 classes and 2 folders.
[2017.11.25-22.09.00:900][  0]LogLoad: (Engine Initialization) Total time: 36.80 seconds
[2017.11.25-22.09.00:900][  0]LogLoad: (Engine Initialization) Total Blueprint compile time: 0.00 seconds
[2017.11.25-22.09.00:900][  0]LogExternalProfiler: No external profilers were discovered.  External profiling features will not be available.
[2017.11.25-22.09.00:934][  0]LogContentStreaming: Texture pool size now 1000 MB
[2017.11.25-22.09.00:988][  1]LogAssetRegistry: Asset discovery search completed in 16.9922 seconds
[2017.11.25-22.09.00:990][  1]LogCollectionManager: Rebuilt the object cache for 0 collections in 0.000000 seconds (found 0 objects)
[2017.11.25-22.09.00:990][  1]LogCollectionManager: Fixed up redirectors for 0 collections in 0.000060 seconds (updated 0 objects)
[2017.11.25-22.09.49:676][ 38]LogActorFactory: Actor Factory created Cube
[2017.11.25-22.09.49:680][ 38]LogMaterial: Missing cached shader map for material BasicShapeMaterial, compiling. 
[2017.11.25-22.09.54:248][516]LogActorFactory: Actor Factory created Cube
[2017.11.25-22.10.52:003][299]LogSlate: Took 0.000239 seconds to synchronously load lazily loaded font '../../../Engine/Content/Slate/Fonts/Roboto-Light.ttf' (159K)
[2017.11.25-22.10.52:014][299]Cmd: OBJ SAVEPACKAGE PACKAGE="/Game/Level01" FILE="E:/Projects/Personal/Unreal/Udemy/Projects/Section_01/Section_01/Content/Level01.umap" SILENT=true AUTOSAVING=false KEEPDIRTY=false
[2017.11.25-22.10.52:059][299]LogSavePackage: Save=33.81ms
[2017.11.25-22.10.52:059][299]LogSavePackage: Moving 'E:/Projects/Personal/Unreal/Udemy/Projects/Section_01/Section_01/Saved/Level0111FABC284E619DFCA3BCDF82E683A56C.tmp' to 'E:/Projects/Personal/Unreal/Udemy/Projects/Section_01/Section_01/Content/Level01.umap'
[2017.11.25-22.10.52:061][299]LogSavePackage: Display: Finished SavePackage E:/Projects/Personal/Unreal/Udemy/Projects/Section_01/Section_01/Content/Level01.umap
[2017.11.25-22.10.52:071][299]Cmd: OBJ SAVEPACKAGE PACKAGE="/Game/Level01_BuiltData" FILE="E:/Projects/Personal/Unreal/Udemy/Projects/Section_01/Section_01/Content/Level01_BuiltData.uasset" SILENT=true
[2017.11.25-22.10.52:109][299]LogSavePackage: Save=35.96ms
[2017.11.25-22.10.52:109][299]LogSavePackage: Moving 'E:/Projects/Personal/Unreal/Udemy/Projects/Section_01/Section_01/Saved/Level01_BuiltData4509ED814A9E597F7B3714876757CD3A.tmp' to 'E:/Projects/Personal/Unreal/Udemy/Projects/Section_01/Section_01/Content/Level01_BuiltData.uasset'
[2017.11.25-22.10.52:109][299]LogSavePackage: Display: Finished SavePackage E:/Projects/Personal/Unreal/Udemy/Projects/Section_01/Section_01/Content/Level01_BuiltData.uasset
[2017.11.25-22.10.52:113][299]LogFileHelpers: Saving map 'Level01' took 0.219
[2017.11.25-22.10.52:249][303]LogSlate: Took 0.000273 seconds to synchronously load lazily loaded font '../../../Engine/Content/Slate/Fonts/Roboto-Light.ttf' (159K)
[2017.11.25-22.11.01:560][100]LogWindowsTextInputMethodSystem: Display: IME system now deactivated.
[2017.11.25-22.11.01:718][101]Cmd: QUIT_EDITOR
[2017.11.25-22.11.01:757][101]LogExit: Preparing to exit.
[2017.11.25-22.11.02:123][101]LogExit: Editor shut down
[2017.11.25-22.11.02:126][101]LogExit: Transaction tracking system shut down
[2017.11.25-22.11.02:246][101]LogDirectoryWatcher: A directory notification for '../../../Engine/Content/' was aborted.
[2017.11.25-22.11.02:246][101]LogDirectoryWatcher: A directory notification for 'E:/Projects/Personal/Unreal/Udemy/Projects/Section_01/Section_01/Content/' was aborted.
[2017.11.25-22.11.02:246][101]LogDirectoryWatcher: A directory notification for '../../../Engine/Plugins/2D/Paper2D/Content/' was aborted.
[2017.11.25-22.11.02:246][101]LogDirectoryWatcher: A directory notification for '../../../Engine/Plugins/Media/MediaCompositing/Content/' was aborted.
[2017.11.25-22.11.02:246][101]LogDirectoryWatcher: A directory notification for '../../../Engine/Plugins/Runtime/AppleARKit/Content/' was aborted.
[2017.11.25-22.11.02:247][101]LogDirectoryWatcher: A directory notification for '../../../Engine/Plugins/Runtime/Oculus/OculusVR/Content/' was aborted.
[2017.11.25-22.11.02:247][101]LogDirectoryWatcher: A directory notification for '../../../Engine/Plugins/Runtime/Steam/SteamVR/Content/' was aborted.
[2017.11.25-22.11.02:291][101]LogExit: Object subsystem successfully closed.
[2017.11.25-22.11.02:311][101]LogD3D11RHI: Shutdown
[2017.11.25-22.11.02:311][101]LogD3D11RHI: CleanupD3DDevice
[2017.11.25-22.11.02:313][101]LogD3D11RHI: ~FD3D11DynamicRHI
[2017.11.25-22.11.02:355][101]LogModuleManager: Shutting down and abandoning module HierarchicalLODOutliner (552)
[2017.11.25-22.11.02:355][101]LogModuleManager: Shutting down and abandoning module SceneOutliner (550)
[2017.11.25-22.11.02:355][101]LogModuleManager: Shutting down and abandoning module AddContentDialog (548)
[2017.11.25-22.11.02:355][101]LogDirectoryWatcher: A directory notification for 'C:/Program Files/Epic Games/UE_4.18/FeaturePacks/' was aborted.
[2017.11.25-22.11.02:356][101]LogModuleManager: Shutting down and abandoning module WidgetCarousel (547)
[2017.11.25-22.11.02:356][101]LogModuleManager: Shutting down and abandoning module EditorWidgets (544)
[2017.11.25-22.11.02:356][101]LogModuleManager: Shutting down and abandoning module CollectionManager (542)
[2017.11.25-22.11.02:356][101]LogDirectoryWatcher: A directory notification for 'E:/Projects/Personal/Unreal/Udemy/Projects/Section_01/Section_01/Content/Collections/' was aborted.
[2017.11.25-22.11.02:356][101]LogDirectoryWatcher: A directory notification for 'E:/Projects/Personal/Unreal/Udemy/Projects/Section_01/Section_01/Content/Developers/SimonGumbleton/Collections/' was aborted.
[2017.11.25-22.11.02:356][101]LogDirectoryWatcher: A directory notification for 'E:/Projects/Personal/Unreal/Udemy/Projects/Section_01/Section_01/Saved/Collections/' was aborted.
[2017.11.25-22.11.02:356][101]LogModuleManager: Shutting down and abandoning module HierarchicalLODUtilities (540)
[2017.11.25-22.11.02:356][101]LogModuleManager: Shutting down and abandoning module StatsViewer (538)
[2017.11.25-22.11.02:356][101]LogModuleManager: Shutting down and abandoning module FoliageEdit (536)
[2017.11.25-22.11.02:356][101]LogModuleManager: Shutting down and abandoning module LandscapeEditor (534)
[2017.11.25-22.11.02:356][101]LogModuleManager: Shutting down and abandoning module MeshPaintMode (532)
[2017.11.25-22.11.02:356][101]LogModuleManager: Shutting down and abandoning module SceneDepthPickerMode (530)
[2017.11.25-22.11.02:356][101]LogModuleManager: Shutting down and abandoning module ActorPickerMode (528)
[2017.11.25-22.11.02:357][101]LogModuleManager: Shutting down and abandoning module GeometryMode (526)
[2017.11.25-22.11.02:357][101]LogModuleManager: Shutting down and abandoning module TextureAlignMode (524)
[2017.11.25-22.11.02:357][101]LogModuleManager: Shutting down and abandoning module BspMode (522)
[2017.11.25-22.11.02:357][101]LogModuleManager: Shutting down and abandoning module PIEPreviewDeviceProfileSelector (520)
[2017.11.25-22.11.02:357][101]LogModuleManager: Shutting down and abandoning module HardwareSurvey (518)
[2017.11.25-22.11.02:357][101]LogModuleManager: Shutting down and abandoning module SequenceRecorderSections (516)
[2017.11.25-22.11.02:357][101]LogModuleManager: Shutting down and abandoning module AutomationWorker (514)
[2017.11.25-22.11.02:357][101]LogModuleManager: Shutting down and abandoning module MatineeToLevelSequence (512)
[2017.11.25-22.11.02:357][101]LogModuleManager: Shutting down and abandoning module LevelSequenceEditor (510)
[2017.11.25-22.11.02:357][101]LogModuleManager: Shutting down and abandoning module PlacementMode (509)
[2017.11.25-22.11.02:357][101]LogModuleManager: Shutting down and abandoning module WmfMediaFactory (506)
[2017.11.25-22.11.02:357][101]LogModuleManager: Shutting down and abandoning module WmfMediaEditor (504)
[2017.11.25-22.11.02:357][101]LogModuleManager: Shutting down and abandoning module OpenExrWrapper (502)
[2017.11.25-22.11.02:357][101]LogModuleManager: Shutting down and abandoning module ImgMediaFactory (500)
[2017.11.25-22.11.02:357][101]LogModuleManager: Shutting down and abandoning module ImgMediaEditor (498)
[2017.11.25-22.11.02:357][101]LogModuleManager: Shutting down and abandoning module AvfMediaFactory (496)
[2017.11.25-22.11.02:357][101]LogModuleManager: Shutting down and abandoning module AvfMediaEditor (494)
[2017.11.25-22.11.02:357][101]LogModuleManager: Shutting down and abandoning module AndroidMediaFactory (492)
[2017.11.25-22.11.02:357][101]LogModuleManager: Shutting down and abandoning module AndroidMediaEditor (490)
[2017.11.25-22.11.02:357][101]LogModuleManager: Shutting down and abandoning module CharacterAI (488)
[2017.11.25-22.11.02:357][101]LogModuleManager: Shutting down and abandoning module AudioCapture (486)
[2017.11.25-22.11.02:357][101]LogModuleManager: Shutting down and abandoning module SequenceRecorder (485)
[2017.11.25-22.11.02:357][101]LogModuleManager: Shutting down and abandoning module SmartSnapping (482)
[2017.11.25-22.11.02:357][101]LogModuleManager: Shutting down and abandoning module SessionServices (480)
[2017.11.25-22.11.02:357][101]LogModuleManager: Shutting down and abandoning module ViewportSnapping (478)
[2017.11.25-22.11.02:357][101]LogModuleManager: Shutting down and abandoning module ViewportInteraction (476)
[2017.11.25-22.11.02:357][101]LogModuleManager: Shutting down and abandoning module ClothPainter (474)
[2017.11.25-22.11.02:357][101]LogModuleManager: Shutting down and abandoning module SkeletalMeshEditor (473)
[2017.11.25-22.11.02:357][101]LogModuleManager: Shutting down and abandoning module LogVisualizer (470)
[2017.11.25-22.11.02:357][101]LogModuleManager: Shutting down and abandoning module IntroTutorials (468)
[2017.11.25-22.11.02:357][101]LogModuleManager: Shutting down and abandoning module GameProjectGeneration (467)
[2017.11.25-22.11.02:358][101]LogModuleManager: Shutting down and abandoning module IOSPlatformEditor (464)
[2017.11.25-22.11.02:358][101]LogModuleManager: Shutting down and abandoning module HTML5PlatformEditor (462)
[2017.11.25-22.11.02:358][101]LogModuleManager: Shutting down and abandoning module AndroidPlatformEditor (460)
[2017.11.25-22.11.02:358][101]LogModuleManager: Shutting down and abandoning module AndroidDeviceDetection (459)
[2017.11.25-22.11.02:495][101]LogModuleManager: Shutting down and abandoning module WindowsPlatformEditor (456)
[2017.11.25-22.11.02:495][101]LogModuleManager: Shutting down and abandoning module IOSRuntimeSettings (454)
[2017.11.25-22.11.02:495][101]LogModuleManager: Shutting down and abandoning module AndroidRuntimeSettings (452)
[2017.11.25-22.11.02:495][101]LogModuleManager: Shutting down and abandoning module InputBindingEditor (450)
[2017.11.25-22.11.02:495][101]LogModuleManager: Shutting down and abandoning module MergeActors (448)
[2017.11.25-22.11.02:495][101]LogModuleManager: Shutting down and abandoning module SizeMap (446)
[2017.11.25-22.11.02:495][101]LogModuleManager: Shutting down and abandoning module TreeMap (444)
[2017.11.25-22.11.02:495][101]LogModuleManager: Shutting down and abandoning module ReferenceViewer (442)
[2017.11.25-22.11.02:495][101]LogModuleManager: Shutting down and abandoning module LocalizationDashboard (440)
[2017.11.25-22.11.02:496][101]LogModuleManager: Shutting down and abandoning module LocalizationService (439)
[2017.11.25-22.11.02:496][101]LogModuleManager: Shutting down and abandoning module HardwareTargeting (436)
[2017.11.25-22.11.02:496][101]LogModuleManager: Shutting down and abandoning module DeviceProfileEditor (434)
[2017.11.25-22.11.02:496][101]LogModuleManager: Shutting down and abandoning module UndoHistory (432)
[2017.11.25-22.11.02:496][101]LogModuleManager: Shutting down and abandoning module XmlParser (430)
[2017.11.25-22.11.02:496][101]LogModuleManager: Shutting down and abandoning module Blutility (428)
[2017.11.25-22.11.02:496][101]LogModuleManager: Shutting down and abandoning module ProjectSettingsViewer (426)
[2017.11.25-22.11.02:496][101]LogModuleManager: Shutting down and abandoning module ProjectTargetPlatformEditor (425)
[2017.11.25-22.11.02:496][101]LogModuleManager: Shutting down and abandoning module EditorSettingsViewer (422)
[2017.11.25-22.11.02:496][101]LogModuleManager: Shutting down and abandoning module SettingsEditor (420)
[2017.11.25-22.11.02:496][101]LogModuleManager: Shutting down and abandoning module ProjectLauncher (418)
[2017.11.25-22.11.02:496][101]LogModuleManager: Shutting down and abandoning module SessionFrontend (416)
[2017.11.25-22.11.02:496][101]LogModuleManager: Shutting down and abandoning module ProfilerClient (414)
[2017.11.25-22.11.02:496][101]LogModuleManager: Shutting down and abandoning module DeviceManager (412)
[2017.11.25-22.11.02:496][101]LogModuleManager: Shutting down and abandoning module TargetDeviceServices (411)
[2017.11.25-22.11.02:548][101]LogModuleManager: Shutting down and abandoning module AutomationController (408)
[2017.11.25-22.11.02:548][101]LogModuleManager: Shutting down and abandoning module AutomationWindow (406)
[2017.11.25-22.11.02:548][101]LogModuleManager: Shutting down and abandoning module Layers (404)
[2017.11.25-22.11.02:548][101]LogModuleManager: Shutting down and abandoning module ComponentVisualizers (402)
[2017.11.25-22.11.02:548][101]LogModuleManager: Shutting down and abandoning module DetailCustomizations (400)
[2017.11.25-22.11.02:548][101]LogModuleManager: Shutting down and abandoning module PackagesDialog (398)
[2017.11.25-22.11.02:548][101]LogModuleManager: Shutting down and abandoning module Persona (396)
[2017.11.25-22.11.02:548][101]LogModuleManager: Shutting down and abandoning module AdvancedPreviewScene (395)
[2017.11.25-22.11.02:548][101]LogModuleManager: Shutting down and abandoning module AnimGraph (393)
[2017.11.25-22.11.02:548][101]LogModuleManager: Shutting down and abandoning module Kismet (390)
[2017.11.25-22.11.02:548][101]LogModuleManager: Shutting down and abandoning module ClassViewer (388)
[2017.11.25-22.11.02:548][101]LogModuleManager: Shutting down and abandoning module Toolbox (386)
[2017.11.25-22.11.02:548][101]LogModuleManager: Shutting down and abandoning module ModuleUI (384)
[2017.11.25-22.11.02:548][101]LogModuleManager: Shutting down and abandoning module MovieSceneTools (382)
[2017.11.25-22.11.02:549][101]LogModuleManager: Shutting down and abandoning module OutputLog (380)
[2017.11.25-22.11.02:549][101]LogModuleManager: Shutting down and abandoning module GammaUI (378)
[2017.11.25-22.11.02:549][101]LogModuleManager: Shutting down and abandoning module Documentation (376)
[2017.11.25-22.11.02:549][101]LogModuleManager: Shutting down and abandoning module MovieSceneTracks (374)
[2017.11.25-22.11.02:549][101]LogModuleManager: Shutting down and abandoning module MovieScene (372)
[2017.11.25-22.11.02:549][101]LogModuleManager: Shutting down and abandoning module StreamingPauseRendering (370)
[2017.11.25-22.11.02:549][101]LogModuleManager: Shutting down and abandoning module LauncherPlatform (368)
[2017.11.25-22.11.02:549][101]LogModuleManager: Shutting down and abandoning module AnalyticsET (366)
[2017.11.25-22.11.02:549][101]LogModuleManager: Shutting down and abandoning module PortalServices (364)
[2017.11.25-22.11.02:549][101]LogModuleManager: Shutting down and abandoning module PortalRpc (362)
[2017.11.25-22.11.02:549][101]LogModuleManager: Shutting down and abandoning module MessagingRpc (360)
[2017.11.25-22.11.02:549][101]LogModuleManager: Shutting down and abandoning module AIModule (358)
[2017.11.25-22.11.02:549][101]LogModuleManager: Shutting down and abandoning module GameplayDebugger (357)
[2017.11.25-22.11.02:549][101]LogModuleManager: Shutting down and abandoning module AITestSuite (355)
[2017.11.25-22.11.02:549][101]LogModuleManager: Shutting down and abandoning module ProfilerService (352)
[2017.11.25-22.11.02:790][101]LogModuleManager: Shutting down and abandoning module TaskGraph (350)
[2017.11.25-22.11.02:790][101]LogModuleManager: Shutting down and abandoning module SteamVRController (348)
[2017.11.25-22.11.02:790][101]LogModuleManager: Shutting down and abandoning module ProceduralMeshComponentEditor (346)
[2017.11.25-22.11.02:790][101]LogModuleManager: Shutting down and abandoning module ProceduralMeshComponent (344)
[2017.11.25-22.11.02:790][101]LogModuleManager: Shutting down and abandoning module OculusInput (342)
[2017.11.25-22.11.02:790][101]LogModuleManager: Shutting down and abandoning module MobilePatchingUtils (340)
[2017.11.25-22.11.02:790][101]LogModuleManager: Shutting down and abandoning module CustomMeshComponent (338)
[2017.11.25-22.11.02:790][101]LogModuleManager: Shutting down and abandoning module CableComponent (336)
[2017.11.25-22.11.02:790][101]LogModuleManager: Shutting down and abandoning module ArchVisCharacter (334)
[2017.11.25-22.11.02:790][101]LogModuleManager: Shutting down and abandoning module AndroidPermission (332)
[2017.11.25-22.11.02:790][101]LogModuleManager: Shutting down and abandoning module ActorSequence (328)
[2017.11.25-22.11.02:790][101]LogModuleManager: Shutting down and abandoning module MediaPlayerEditor (326)
[2017.11.25-22.11.02:791][101]LogModuleManager: Shutting down and abandoning module MediaCompositingEditor (324)
[2017.11.25-22.11.02:791][101]LogModuleManager: Shutting down and abandoning module MediaCompositing (322)
[2017.11.25-22.11.02:791][101]LogModuleManager: Shutting down and abandoning module HTML5Networking (320)
[2017.11.25-22.11.02:791][101]LogModuleManager: Shutting down and abandoning module AlembicImporter (318)
[2017.11.25-22.11.02:791][101]LogModuleManager: Shutting down and abandoning module AlembicLibrary (317)
[2017.11.25-22.11.02:791][101]LogModuleManager: Shutting down and abandoning module GeometryCache (316)
[2017.11.25-22.11.02:791][101]LogModuleManager: Shutting down and abandoning module GeometryCacheEd (315)
[2017.11.25-22.11.02:791][101]LogModuleManager: Shutting down and abandoning module SpeedTreeImporter (310)
[2017.11.25-22.11.02:791][101]LogModuleManager: Shutting down and abandoning module PluginBrowser (308)
[2017.11.25-22.11.02:791][101]LogModuleManager: Shutting down and abandoning module MobileLauncherProfileWizard (306)
[2017.11.25-22.11.02:791][101]LogModuleManager: Shutting down and abandoning module VisualStudioSourceCodeAccess (304)
[2017.11.25-22.11.02:791][101]LogModuleManager: Shutting down and abandoning module VisualStudioCodeSourceCodeAccess (302)
[2017.11.25-22.11.02:791][101]LogModuleManager: Shutting down and abandoning module UObjectPlugin (300)
[2017.11.25-22.11.02:791][101]LogModuleManager: Shutting down and abandoning module SubversionSourceControl (298)
[2017.11.25-22.11.02:791][101]LogModuleManager: Shutting down and abandoning module PerforceSourceControl (296)
[2017.11.25-22.11.02:791][101]LogModuleManager: Shutting down and abandoning module GitSourceControl (294)
[2017.11.25-22.11.02:791][101]LogModuleManager: Shutting down and abandoning module SourceControl (293)
[2017.11.25-22.11.02:791][101]LogModuleManager: Shutting down and abandoning module LightPropagationVolumeEditor (290)
[2017.11.25-22.11.02:791][101]LogModuleManager: Shutting down and abandoning module PaperTiledImporter (288)
[2017.11.25-22.11.02:791][101]LogModuleManager: Shutting down and abandoning module PaperSpriteSheetImporter (286)
[2017.11.25-22.11.02:791][101]LogModuleManager: Shutting down and abandoning module Paper2DEditor (284)
[2017.11.25-22.11.02:791][101]LogModuleManager: Shutting down and abandoning module MeshPaint (283)
[2017.11.25-22.11.02:791][101]LogModuleManager: Shutting down and abandoning module LevelEditor (281)
[2017.11.25-22.11.02:792][101]LogModuleManager: Shutting down and abandoning module PixelInspectorModule (280)
[2017.11.25-22.11.02:792][101]LogModuleManager: Shutting down and abandoning module MainFrame (278)
[2017.11.25-22.11.02:792][101]LogModuleManager: Shutting down and abandoning module HotReload (277)
[2017.11.25-22.11.02:792][101]LogDirectoryWatcher: A directory notification for 'E:/Projects/Personal/Unreal/Udemy/Projects/Section_01/Section_01/Binaries/Win64' was aborted.
[2017.11.25-22.11.02:792][101]LogModuleManager: Shutting down and abandoning module Section_01 (272)
[2017.11.25-22.11.02:793][101]LogModuleManager: Shutting down and abandoning module RuntimePhysXCooking (270)
[2017.11.25-22.11.02:793][101]LogModuleManager: Shutting down and abandoning module PhysXVehiclesEditor (268)
[2017.11.25-22.11.02:793][101]LogModuleManager: Shutting down and abandoning module PhysXVehicles (266)
[2017.11.25-22.11.02:793][101]LogModuleManager: Shutting down and abandoning module OculusEditor (264)
[2017.11.25-22.11.02:793][101]LogModuleManager: Shutting down and abandoning module LocationServicesBPLibrary (262)
[2017.11.25-22.11.02:793][101]LogModuleManager: Shutting down and abandoning module ImmediatePhysicsEditor (260)
[2017.11.25-22.11.02:793][101]LogModuleManager: Shutting down and abandoning module ImmediatePhysics (258)
[2017.11.25-22.11.02:793][101]LogModuleManager: Shutting down and abandoning module UdpMessaging (256)
[2017.11.25-22.11.02:893][101]LogModuleManager: Shutting down and abandoning module TcpMessaging (254)
[2017.11.25-22.11.03:027][101]LogModuleManager: Shutting down and abandoning module GameplayTagsEditor (252)
[2017.11.25-22.11.03:027][101]LogModuleManager: Shutting down and abandoning module FacialAnimationEditor (250)
[2017.11.25-22.11.03:027][101]LogModuleManager: Shutting down and abandoning module FacialAnimation (248)
[2017.11.25-22.11.03:027][101]LogModuleManager: Shutting down and abandoning module AssetManagerEditor (246)
[2017.11.25-22.11.03:027][101]LogModuleManager: Shutting down and abandoning module GraphEditor (245)
[2017.11.25-22.11.03:028][101]LogModuleManager: Shutting down and abandoning module ContentBrowser (243)
[2017.11.25-22.11.03:028][101]LogModuleManager: Shutting down and abandoning module LightPropagationVolumeRuntime (240)
[2017.11.25-22.11.03:028][101]LogModuleManager: Shutting down and abandoning module Paper2D (238)
[2017.11.25-22.11.03:028][101]LogModuleManager: Shutting down and abandoning module WindowsMoviePlayer (236)
[2017.11.25-22.11.03:028][101]LogModuleManager: Shutting down and abandoning module WmfMedia (234)
[2017.11.25-22.11.03:029][101]LogModuleManager: Shutting down and abandoning module ImgMedia (232)
[2017.11.25-22.11.03:029][101]LogModuleManager: Shutting down and abandoning module PacketHandler (230)
[2017.11.25-22.11.03:029][101]LogModuleManager: Shutting down and abandoning module ClothingSystemEditor (228)
[2017.11.25-22.11.03:029][101]LogModuleManager: Shutting down and abandoning module ClothingSystemRuntime (226)
[2017.11.25-22.11.03:029][101]LogModuleManager: Shutting down and abandoning module MediaAssets (224)
[2017.11.25-22.11.03:029][101]LogModuleManager: Shutting down and abandoning module Media (223)
[2017.11.25-22.11.03:035][101]LogModuleManager: Shutting down and abandoning module Overlay (220)
[2017.11.25-22.11.03:035][101]LogModuleManager: Shutting down and abandoning module OverlayEditor (219)
[2017.11.25-22.11.03:035][101]LogModuleManager: Shutting down and abandoning module VREditor (216)
[2017.11.25-22.11.03:035][101]LogModuleManager: Shutting down and abandoning module StringTableEditor (214)
[2017.11.25-22.11.03:035][101]LogModuleManager: Shutting down and abandoning module GameplayTasksEditor (212)
[2017.11.25-22.11.03:035][101]LogModuleManager: Shutting down and abandoning module BehaviorTreeEditor (210)
[2017.11.25-22.11.03:035][101]LogModuleManager: Shutting down and abandoning module FunctionalTesting (208)
[2017.11.25-22.11.03:035][101]LogModuleManager: Shutting down and abandoning module CollisionAnalyzer (206)
[2017.11.25-22.11.03:035][101]LogModuleManager: Shutting down and abandoning module WorkspaceMenuStructure (205)
[2017.11.25-22.11.03:035][101]LogModuleManager: Shutting down and abandoning module UMG (202)
[2017.11.25-22.11.03:035][101]LogModuleManager: Shutting down and abandoning module UMGEditor (201)
[2017.11.25-22.11.03:035][101]LogModuleManager: Shutting down and abandoning module Sequencer (200)
[2017.11.25-22.11.03:035][101]LogModuleManager: Shutting down and abandoning module MessageLog (197)
[2017.11.25-22.11.03:035][101]LogModuleManager: Shutting down and abandoning module SlateReflector (192)
[2017.11.25-22.11.03:035][101]LogModuleManager: Shutting down and abandoning module Slate (190)
[2017.11.25-22.11.03:035][101]LogModuleManager: Shutting down and abandoning module EditorStyle (188)
[2017.11.25-22.11.03:038][101]LogModuleManager: Shutting down and abandoning module MRMesh (186)
[2017.11.25-22.11.03:038][101]LogModuleManager: Shutting down and abandoning module SourceCodeAccess (184)
[2017.11.25-22.11.03:039][101]LogModuleManager: Shutting down and abandoning module HeadMountedDisplay (182)
[2017.11.25-22.11.03:039][101]LogModuleManager: Shutting down and abandoning module XAudio2 (180)
[2017.11.25-22.11.03:039][101]LogModuleManager: Shutting down and abandoning module Networking (178)
[2017.11.25-22.11.03:039][101]LogModuleManager: Shutting down and abandoning module Core (174)
[2017.11.25-22.11.03:039][101]LogModuleManager: Shutting down and abandoning module LevelSequence (170)
[2017.11.25-22.11.03:039][101]LogModuleManager: Shutting down and abandoning module DirectoryWatcher (168)
[2017.11.25-22.11.03:039][101]LogModuleManager: Shutting down and abandoning module KismetCompiler (166)
[2017.11.25-22.11.03:039][101]LogModuleManager: Shutting down and abandoning module MeshUtilities (164)
[2017.11.25-22.11.03:039][101]LogModuleManager: Shutting down and abandoning module MeshMergeUtilities (163)
[2017.11.25-22.11.03:039][101]LogModuleManager: Shutting down and abandoning module MeshReductionInterface (162)
[2017.11.25-22.11.03:039][101]LogModuleManager: Shutting down and abandoning module SimplygonSwarm (161)
[2017.11.25-22.11.03:039][101]LogModuleManager: Shutting down and abandoning module SimplygonMeshReduction (159)
[2017.11.25-22.11.03:039][101]LogModuleManager: Shutting down and abandoning module QuadricMeshReduction (157)
[2017.11.25-22.11.03:039][101]LogModuleManager: Shutting down and abandoning module MaterialBaking (153)
[2017.11.25-22.11.03:039][101]LogModuleManager: Shutting down and abandoning module DerivedDataCache (150)
[2017.11.25-22.11.03:044][101]LogDerivedDataCache: Shutdown
[2017.11.25-22.11.03:044][101]LogModuleManager: Shutting down and abandoning module TargetPlatform (148)
[2017.11.25-22.11.03:044][101]LogModuleManager: Shutting down and abandoning module VulkanShaderFormat (147)
[2017.11.25-22.11.03:044][101]LogModuleManager: Shutting down and abandoning module ShaderFormatVectorVM (145)
[2017.11.25-22.11.03:044][101]LogModuleManager: Shutting down and abandoning module ShaderFormatOpenGL (143)
[2017.11.25-22.11.03:044][101]LogModuleManager: Shutting down and abandoning module ShaderFormatD3D (141)
[2017.11.25-22.11.03:044][101]LogModuleManager: Shutting down and abandoning module MetalShaderFormat (139)
[2017.11.25-22.11.03:044][101]LogModuleManager: Shutting down and abandoning module TextureFormatUncompressed (137)
[2017.11.25-22.11.03:044][101]LogModuleManager: Shutting down and abandoning module TextureFormatPVR (135)
[2017.11.25-22.11.03:044][101]LogModuleManager: Shutting down and abandoning module TextureFormatDXT (133)
[2017.11.25-22.11.03:044][101]LogModuleManager: Shutting down and abandoning module TextureFormatIntelISPCTexComp (131)
[2017.11.25-22.11.03:045][101]LogModuleManager: Shutting down and abandoning module TextureFormatASTC (129)
[2017.11.25-22.11.03:045][101]LogModuleManager: Shutting down and abandoning module ImageWrapper (128)
[2017.11.25-22.11.03:045][101]LogModuleManager: Shutting down and abandoning module TextureFormatAndroid (125)
[2017.11.25-22.11.03:045][101]LogModuleManager: Shutting down and abandoning module AudioFormatOpus (123)
[2017.11.25-22.11.03:045][101]LogModuleManager: Shutting down and abandoning module AudioFormatOgg (121)
[2017.11.25-22.11.03:045][101]LogModuleManager: Shutting down and abandoning module AudioFormatADPCM (119)
[2017.11.25-22.11.03:045][101]LogModuleManager: Shutting down and abandoning module LinuxTargetPlatform (117)
[2017.11.25-22.11.03:045][101]LogModuleManager: Shutting down and abandoning module LinuxServerTargetPlatform (115)
[2017.11.25-22.11.03:045][101]LogModuleManager: Shutting down and abandoning module LinuxNoEditorTargetPlatform (113)
[2017.11.25-22.11.03:045][101]LogModuleManager: Shutting down and abandoning module LinuxClientTargetPlatform (111)
[2017.11.25-22.11.03:045][101]LogModuleManager: Shutting down and abandoning module TVOSTargetPlatform (109)
[2017.11.25-22.11.03:045][101]LogModuleManager: Shutting down and abandoning module Messaging (107)
[2017.11.25-22.11.03:045][101]LogModuleManager: Shutting down and abandoning module IOSTargetPlatform (105)
[2017.11.25-22.11.03:045][101]LogModuleManager: Shutting down and abandoning module HTML5TargetPlatform (103)
[2017.11.25-22.11.03:045][101]LogModuleManager: Shutting down and abandoning module AndroidTargetPlatform (101)
[2017.11.25-22.11.03:045][101]LogModuleManager: Shutting down and abandoning module Android_PVRTCTargetPlatform (99)
[2017.11.25-22.11.03:045][101]LogModuleManager: Shutting down and abandoning module Android_MultiTargetPlatform (97)
[2017.11.25-22.11.03:045][101]LogModuleManager: Shutting down and abandoning module Android_ETC2TargetPlatform (95)
[2017.11.25-22.11.03:045][101]LogModuleManager: Shutting down and abandoning module Android_ETC1TargetPlatform (93)
[2017.11.25-22.11.03:045][101]LogModuleManager: Shutting down and abandoning module Android_DXTTargetPlatform (91)
[2017.11.25-22.11.03:045][101]LogModuleManager: Shutting down and abandoning module Android_ATCTargetPlatform (89)
[2017.11.25-22.11.03:045][101]LogModuleManager: Shutting down and abandoning module Android_ASTCTargetPlatform (87)
[2017.11.25-22.11.03:045][101]LogModuleManager: Shutting down and abandoning module WindowsTargetPlatform (85)
[2017.11.25-22.11.03:045][101]LogModuleManager: Shutting down and abandoning module WindowsServerTargetPlatform (83)
[2017.11.25-22.11.03:045][101]LogModuleManager: Shutting down and abandoning module WindowsNoEditorTargetPlatform (81)
[2017.11.25-22.11.03:045][101]LogModuleManager: Shutting down and abandoning module WindowsClientTargetPlatform (79)
[2017.11.25-22.11.03:045][101]LogModuleManager: Shutting down and abandoning module MacTargetPlatform (77)
[2017.11.25-22.11.03:045][101]LogModuleManager: Shutting down and abandoning module MacServerTargetPlatform (75)
[2017.11.25-22.11.03:045][101]LogModuleManager: Shutting down and abandoning module MacNoEditorTargetPlatform (73)
[2017.11.25-22.11.03:045][101]LogModuleManager: Shutting down and abandoning module MacClientTargetPlatform (71)
[2017.11.25-22.11.03:045][101]LogModuleManager: Shutting down and abandoning module AllDesktopTargetPlatform (69)
[2017.11.25-22.11.03:045][101]LogModuleManager: Shutting down and abandoning module InputCore (66)
[2017.11.25-22.11.03:045][101]LogModuleManager: Shutting down and abandoning module Settings (64)
[2017.11.25-22.11.03:045][101]LogModuleManager: Shutting down and abandoning module PhysXCooking (62)
[2017.11.25-22.11.03:045][101]LogModuleManager: Shutting down and abandoning module SteamVR (60)
[2017.11.25-22.11.03:045][101]LogModuleManager: Shutting down and abandoning module OculusHMD (58)
[2017.11.25-22.11.03:045][101]LogModuleManager: Shutting down and abandoning module ExampleDeviceProfileSelector (56)
[2017.11.25-22.11.03:045][101]LogModuleManager: Shutting down and abandoning module AppleARKit (54)
[2017.11.25-22.11.03:045][101]LogModuleManager: Shutting down and abandoning module AugmentedReality (53)
[2017.11.25-22.11.03:045][101]LogModuleManager: Shutting down and abandoning module OnlineBlueprintSupport (50)
[2017.11.25-22.11.03:045][101]LogModuleManager: Shutting down and abandoning module OnlineSubsystem (46)
[2017.11.25-22.11.03:045][101]LogModuleManager: Shutting down and abandoning module XMPP (45)
[2017.11.25-22.11.03:045][101]LogModuleManager: Shutting down and abandoning module HTTP (43)
[2017.11.25-22.11.03:045][101]LogHttp: Display: Http module shutting down, but needs to wait on 1 outstanding Http requests:
[2017.11.25-22.11.03:045][101]LogHttp: Display: 	verb=[POST] url=[https://datarouter.ol.epicgames.com/datarouter/api/v1/public/data?SessionID=%7B02AB67EF-4E8B-FBA6-5C7B-A596214125B3%7D&AppID=UEEditor.Rocket.Release&AppVersion=4.18.1-3754814%2B%2B%2BUE4%2BRelease-4.18&UserID=a0a4625d46e635b33ee229be9d1324ac%7Cd64a787ddf6d4453b9511d88b837c33a%7C5dcc90d2-2777-41a1-98ff-40546f7d329d&AppEnvironment=datacollector-binary&UploadType=eteventstream] status=Processing
[2017.11.25-22.11.03:072][101]LogModuleManager: Shutting down and abandoning module SSL (42)
[2017.11.25-22.11.03:073][101]LogModuleManager: Shutting down and abandoning module DesktopPlatform (38)
[2017.11.25-22.11.03:073][101]LogModuleManager: Shutting down and abandoning module AnimationModifiers (36)
[2017.11.25-22.11.03:073][101]LogModuleManager: Shutting down and abandoning module PropertyEditor (35)
[2017.11.25-22.11.03:073][101]LogModuleManager: Shutting down and abandoning module AudioEditor (32)
[2017.11.25-22.11.03:073][101]LogModuleManager: Shutting down and abandoning module TextureCompressor (30)
[2017.11.25-22.11.03:073][101]LogModuleManager: Shutting down and abandoning module ShaderCore (28)
[2017.11.25-22.11.03:073][101]LogModuleManager: Shutting down and abandoning module Landscape (26)
[2017.11.25-22.11.03:073][101]LogModuleManager: Shutting down and abandoning module SlateRHIRenderer (24)
[2017.11.25-22.11.03:074][101]LogModuleManager: Shutting down and abandoning module OpenGLDrv (22)
[2017.11.25-22.11.03:074][101]LogModuleManager: Shutting down and abandoning module D3D11RHI (20)
[2017.11.25-22.11.03:074][101]LogModuleManager: Shutting down and abandoning module AnimGraphRuntime (18)
[2017.11.25-22.11.03:074][101]LogModuleManager: Shutting down and abandoning module Renderer (16)
[2017.11.25-22.11.03:074][101]LogModuleManager: Shutting down and abandoning module Engine (14)
[2017.11.25-22.11.03:074][101]LogModuleManager: Shutting down and abandoning module CoreUObject (12)
[2017.11.25-22.11.03:074][101]LogModuleManager: Shutting down and abandoning module NetworkFile (10)
[2017.11.25-22.11.03:074][101]LogModuleManager: Shutting down and abandoning module CookedIterativeFile (8)
[2017.11.25-22.11.03:074][101]LogModuleManager: Shutting down and abandoning module StreamingFile (6)
[2017.11.25-22.11.03:074][101]LogModuleManager: Shutting down and abandoning module SandboxFile (4)
[2017.11.25-22.11.03:074][101]LogModuleManager: Shutting down and abandoning module PakFile (2)
[2017.11.25-22.11.03:076][101]LogExit: Exiting.
[2017.11.25-22.11.03:083][101]Log file closed, 11/25/17 22:11:03
